<?xml version="1.0" encoding="UTF-8"?>
<!-- Generated by org.testng.reporters.JUnitReportReporter -->
<testsuite hostname="user1" failures="0" tests="5" name="runners.MyTestRunner" time="7.846" errors="0" timestamp="2025-04-15T17:35:15 IST" skipped="0">
  <testcase classname="runners.MyTestRunner" name="runScenario" time="0.559"/>
  <testcase classname="runners.MyTestRunner" name="runScenario" time="2.196"/>
  <testcase classname="runners.MyTestRunner" name="runScenario" time="2.036"/>
  <testcase classname="runners.MyTestRunner" name="runScenario" time="1.474"/>
  <testcase classname="runners.MyTestRunner" name="runScenario" time="1.581"/>
</testsuite> <!-- runners.MyTestRunner -->
