<?xml version="1.0" encoding="UTF-8"?>
<!-- Generated by org.testng.reporters.JUnitReportReporter -->
<testsuite hostname="user1" failures="0" tests="6" name="runners.MyTestRunner" time="13.787" errors="0" timestamp="2025-04-16T09:32:21 IST" skipped="0">
  <testcase classname="runners.MyTestRunner" name="runScenario" time="1.891"/>
  <testcase classname="runners.MyTestRunner" name="runScenario" time="1.625"/>
  <testcase classname="runners.MyTestRunner" name="runScenario" time="3.462"/>
  <testcase classname="runners.MyTestRunner" name="runScenario" time="0.649"/>
  <testcase classname="runners.MyTestRunner" name="runScenario" time="3.973"/>
  <testcase classname="runners.MyTestRunner" name="runScenario" time="2.187"/>
</testsuite> <!-- runners.MyTestRunner -->
